<?xml version="1.0" encoding="UTF-8"?>
<!-- Generated by org.testng.reporters.JUnitReportReporter -->
<testsuite skipped="2" hostname="DESKTOP-PVQAVP0" name="TestNGsessions.LoginTest" tests="3" failures="0" timestamp="20 Jun 2020 10:48:26 GMT" time="12.680" errors="0">
  <testcase name="ForgottenaccountLinkTest" time="12.680" classname="TestNGsessions.LoginTest"/>
  <testcase name="loginTest" classname="TestNGsessions.LoginTest">
    <skipped/>
  </testcase> <!-- loginTest -->
  <testcase name="pageTitleTest" classname="TestNGsessions.LoginTest">
    <skipped/>
  </testcase> <!-- pageTitleTest -->
</testsuite> <!-- TestNGsessions.LoginTest -->
