<?xml version="1.0" encoding="UTF-8"?>
<!-- Generated by org.testng.reporters.JUnitReportReporter -->
<testsuite skipped="0" hostname="DESKTOP-PVQAVP0" name="com.mytest.SignUpTest" tests="2" failures="0" timestamp="24 Jun 2020 13:14:10 GMT" time="5.081" errors="0">
  <testcase name="TermsLinkTest" time="0.275" classname="com.mytest.SignUpTest"/>
  <testcase name="CreatePageLinkClick" time="4.806" classname="com.mytest.SignUpTest"/>
</testsuite> <!-- com.mytest.SignUpTest -->
