<?xml version="1.0" encoding="UTF-8"?>
<!-- Generated by org.testng.reporters.JUnitReportReporter -->
<testsuite skipped="0" hostname="DESKTOP-PVQAVP0" name="TestNGsessions.ExpectedExceptionConcept" tests="1" failures="0" timestamp="20 Jun 2020 10:58:00 GMT" time="0.000" errors="0">
  <testcase name="loginTest" time="0.000" classname="TestNGsessions.ExpectedExceptionConcept"/>
</testsuite> <!-- TestNGsessions.ExpectedExceptionConcept -->
