<?xml version="1.0" encoding="UTF-8"?>
<!-- Generated by org.testng.reporters.JUnitReportReporter -->
<testsuite skipped="0" hostname="DESKTOP-PVQAVP0" name="com.mytest.LoginTest" tests="3" failures="0" timestamp="24 Jun 2020 13:14:10 GMT" time="10.075" errors="0">
  <testcase name="ForgottenaccountLinkTest" time="0.333" classname="com.mytest.LoginTest"/>
  <testcase name="pageTitleTest" time="0.017" classname="com.mytest.LoginTest"/>
  <testcase name="loginTest" time="9.725" classname="com.mytest.LoginTest"/>
</testsuite> <!-- com.mytest.LoginTest -->
