<?xml version="1.0" encoding="UTF-8"?>
<!-- Generated by org.testng.reporters.JUnitReportReporter -->
<testsuite skipped="0" hostname="DESKTOP-PVQAVP0" name="TestNGsessions.DependsOnMethod" tests="2" failures="0" timestamp="20 Jun 2020 10:58:00 GMT" time="0.031" errors="0">
  <testcase name="HomepageTest" time="0.000" classname="TestNGsessions.DependsOnMethod"/>
  <testcase name="LoginTest" time="0.031" classname="TestNGsessions.DependsOnMethod"/>
</testsuite> <!-- TestNGsessions.DependsOnMethod -->
